# JRE version: OpenJDK Runtime Environment Temurin-17.0.7+7 (17.0.7+7) (build 17.0.7+7)
# Java VM: OpenJDK 64-Bit Server VM Temurin-17.0.7+7 (17.0.7+7, mixed mode, tiered, compressed oops, compressed class ptrs, g1 gc, windows-amd64)
GC Precious Log:
 CPUs: 4 total, 4 available
 Memory: 16080M
 Large Page Support: Disabled
 NUMA Support: Disabled
 Compressed Oops: Enabled (Zero based)
 Heap Region Size: 2M
 Heap Min Capacity: 8M
 Heap Initial Capacity: 252M
 Heap Max Capacity: 4022M
 Pre-touch: Disabled
 Parallel Workers: 4
 Concurrent Workers: 1
 Concurrent Refinement Workers: 4
 Periodic GC: Disabled
Heap:
 garbage-first heap   total 55296K, used 38618K [0x0000000704a00000, 0x0000000800000000)
  region size 2048K, 10 young (20480K), 1 survivors (2048K)
 Metaspace       used 34901K, committed 35264K, reserved 1114112K
  class space    used 3981K, committed 4160K, reserved 1048576K
GC Heap History (12 events):
Event: 10.236 GC heap before
{Heap before GC invocations=0 (full 0):
 garbage-first heap   total 258048K, used 12288K [0x0000000704a00000, 0x0000000800000000)
  region size 2048K, 6 young (12288K), 0 survivors (0K)
 Metaspace       used 9079K, committed 9280K, reserved 1114112K
  class space    used 852K, committed 960K, reserved 1048576K
}
Event: 10.241 GC heap after
{Heap after GC invocations=1 (full 0):
 garbage-first heap   total 258048K, used 4802K [0x0000000704a00000, 0x0000000800000000)
  region size 2048K, 1 young (2048K), 1 survivors (2048K)
 Metaspace       used 9079K, committed 9280K, reserved 1114112K
  class space    used 852K, committed 960K, reserved 1048576K
}
Event: 10.760 GC heap before
{Heap before GC invocations=1 (full 0):
 garbage-first heap   total 258048K, used 15042K [0x0000000704a00000, 0x0000000800000000)
  region size 2048K, 6 young (12288K), 1 survivors (2048K)
 Metaspace       used 12152K, committed 12288K, reserved 1114112K
  class space    used 1196K, committed 1280K, reserved 1048576K
}
Event: 10.764 GC heap after
{Heap after GC invocations=2 (full 0):
 garbage-first heap   total 258048K, used 5774K [0x0000000704a00000, 0x0000000800000000)
  region size 2048K, 1 young (2048K), 1 survivors (2048K)
 Metaspace       used 12152K, committed 12288K, reserved 1114112K
  class space    used 1196K, committed 1280K, reserved 1048576K
}
Event: 11.485 GC heap before
{Heap before GC invocations=2 (full 0):
 garbage-first heap   total 258048K, used 26254K [0x0000000704a00000, 0x0000000800000000)
  region size 2048K, 11 young (22528K), 1 survivors (2048K)
 Metaspace       used 17638K, committed 17856K, reserved 1114112K
  class space    used 1817K, committed 1920K, reserved 1048576K
}
Event: 11.490 GC heap after
{Heap after GC invocations=3 (full 0):
 garbage-first heap   total 258048K, used 7157K [0x0000000704a00000, 0x0000000800000000)
  region size 2048K, 2 young (4096K), 2 survivors (4096K)
 Metaspace       used 17638K, committed 17856K, reserved 1114112K
  class space    used 1817K, committed 1920K, reserved 1048576K
}
Event: 15.372 GC heap before
{Heap before GC invocations=3 (full 0):
 garbage-first heap   total 258048K, used 152565K [0x0000000704a00000, 0x0000000800000000)
  region size 2048K, 74 young (151552K), 2 survivors (4096K)
 Metaspace       used 21253K, committed 21504K, reserved 1114112K
  class space    used 2194K, committed 2304K, reserved 1048576K
}
Event: 15.387 GC heap after
{Heap after GC invocations=4 (full 0):
 garbage-first heap   total 258048K, used 12068K [0x0000000704a00000, 0x0000000800000000)
  region size 2048K, 4 young (8192K), 4 survivors (8192K)
 Metaspace       used 21253K, committed 21504K, reserved 1114112K
  class space    used 2194K, committed 2304K, reserved 1048576K
}
Event: 17.314 GC heap before
{Heap before GC invocations=5 (full 0):
 garbage-first heap   total 55296K, used 36644K [0x0000000704a00000, 0x0000000800000000)
  region size 2048K, 16 young (32768K), 4 survivors (8192K)
 Metaspace       used 29664K, committed 29952K, reserved 1114112K
  class space    used 3205K, committed 3328K, reserved 1048576K
}
Event: 17.330 GC heap after
{Heap after GC invocations=6 (full 0):
 garbage-first heap   total 55296K, used 15400K [0x0000000704a00000, 0x0000000800000000)
  region size 2048K, 2 young (4096K), 2 survivors (4096K)
 Metaspace       used 29664K, committed 29952K, reserved 1114112K
  class space    used 3205K, committed 3328K, reserved 1048576K
}
Event: 17.618 GC heap before
{Heap before GC invocations=6 (full 0):
 garbage-first heap   total 55296K, used 17448K [0x0000000704a00000, 0x0000000800000000)
  region size 2048K, 3 young (6144K), 2 survivors (4096K)
 Metaspace       used 30602K, committed 30848K, reserved 1114112K
  class space    used 3334K, committed 3456K, reserved 1048576K
}
Event: 17.626 GC heap after
{Heap after GC invocations=7 (full 0):
 garbage-first heap   total 55296K, used 16090K [0x0000000704a00000, 0x0000000800000000)
  region size 2048K, 1 young (2048K), 1 survivors (2048K)
 Metaspace       used 30602K, committed 30848K, reserved 1114112K
  class space    used 3334K, committed 3456K, reserved 1048576K
}

