<?xml version="1.0" encoding="UTF-8"?>
<testng-results ignored="0" total="1" passed="1" failed="0" skipped="0">
  <reporter-output>
  </reporter-output>
  <suite started-at="2026-04-11T20:35:25 IST" name="Default suite" finished-at="2026-04-11T20:38:12 IST" duration-ms="166953">
    <groups>
    </groups>
    <test started-at="2026-04-11T20:35:25 IST" name="Default test" finished-at="2026-04-11T20:38:12 IST" duration-ms="166953">
      <class name="StepDefinitions.Recommendationmanager">
        <test-method is-config="true" signature="Login()[pri:0, instance:StepDefinitions.Recommendationmanager@5aebe890]" started-at="2026-04-11T20:35:25 IST" name="Login" finished-at="2026-04-11T20:36:21 IST" duration-ms="55672" status="PASS">
          <reporter-output>
          </reporter-output>
        </test-method> <!-- Login -->
        <test-method signature="one()[pri:0, instance:StepDefinitions.Recommendationmanager@5aebe890]" started-at="2026-04-11T20:36:21 IST" name="one" finished-at="2026-04-11T20:38:12 IST" duration-ms="111208" status="PASS">
          <reporter-output>
          </reporter-output>
        </test-method> <!-- one -->
      </class> <!-- StepDefinitions.Recommendationmanager -->
    </test> <!-- Default test -->
  </suite> <!-- Default suite -->
</testng-results>
